<?xml version="1.0" encoding="UTF-8"?>
<testsuite name="sn.DecodeTest" tests="4" skipped="0" failures="0" errors="0" timestamp="2021-02-28T18:37:07" hostname="DESKTOP-IAMI4OG" time="0.021">
  <properties/>
  <testcase name="testBasic()" classname="sn.DecodeTest" time="0.016"/>
  <testcase name="testBasic2()" classname="sn.DecodeTest" time="0.002"/>
  <testcase name="testBasic3()" classname="sn.DecodeTest" time="0.001"/>
  <testcase name="testBasic4()" classname="sn.DecodeTest" time="0.001"/>
  <system-out><![CDATA[1 2 
12 
2 2 6 
26 
22 6 
]]></system-out>
  <system-err><![CDATA[]]></system-err>
</testsuite>
